New log file opened at Thu Jun 16 10:33:04 CST 2016 by 3424@localhost
Taking next connection to: 57870
New client attempting to connect on port: 57871-57870
  Address = /127.0.0.1:57870
This client on port 57871 has uuid 29b005c7-dbfd-4b36-8097-19591009f684 configName play-fork-run humanReadableName Play Fork Run protocolVersion 1 featureTags Vector()
Connected Clients: play-fork-run-29b005c7-dbfd-4b36-8097-19591009f684
Taking next connection to: 57870
New client attempting to connect on port: 58008-57870
  Address = /127.0.0.1:57870
Handshake exception on socket: 58008
sbt.impl.ipc.HandshakeException: Unable to perform handshake
	at sbt.impl.ipc.Peer.handshake(IPC.scala:46)
	at sbt.impl.ipc.MultiClientServer.<init>(IPC.scala:150)
	at sbt.server.SbtServerSocketHandler$$anon$1.run(SbtServerSocketHandler.scala:43)
Caused by: java.io.EOFException
	at java.io.DataInputStream.readInt(DataInputStream.java:392)
	at sbt.impl.ipc.Peer.receive(IPC.scala:95)
	at sbt.impl.ipc.Peer.handshake(IPC.scala:49)
	... 2 more
Taking next connection to: 57870
New client attempting to connect on port: 58009-57870
  Address = /127.0.0.1:57870
This client on port 58009 has uuid 0ebb08e7-85e7-4869-a9b0-d55f8b183646 configName play-fork-run humanReadableName Play Fork Run protocolVersion 1 featureTags Vector()
Connected Clients: play-fork-run-29b005c7-dbfd-4b36-8097-19591009f684, play-fork-run-0ebb08e7-85e7-4869-a9b0-d55f8b183646
Taking next connection to: 57870
Checking to see if clients are empty...
No non-daemon clients connected after 3 min. Shutting down.
Server socket thread exiting.
0 clients open, will close them...
All client sockets have been closed.
Closing the 3424@localhost logs at Thu Jun 16 10:37:59 CST 2016, goodbye.
